<?xml version="1.0" encoding="UTF-8"?>
<!-- Generated by org.testng.reporters.JUnitXMLReporter -->
<testsuite hostname="DESKTOP-564T0NE" ignored="0" name="Test" tests="5" failures="0" timestamp="08 May 2020 12:01:34 GMT" time="192.435" errors="0">
  <testcase name="LoginTest" time="10.604" classname="Testcases.LoginPage_Test"/>
  <testcase name="AdminDetails" time="21.519" classname="Testcases.AdminPage_Test"/>
  <testcase name="AdminDetails" time="22.977" classname="Testcases.AdminPage_Test"/>
  <testcase name="JobPageDetails" time="25.438" classname="Testcases.JobPage_Test"/>
  <testcase name="workshiftDetails" time="14.79" classname="Testcases.Workshift_Test"/>
</testsuite> <!-- Test -->
