<?xml version="1.0" encoding="UTF-8"?>
<!-- Generated by org.testng.reporters.JUnitXMLReporter -->
<testsuite hostname="DESKTOP-564T0NE" ignored="0" name="Test" tests="5" failures="0" timestamp="08 May 2020 09:49:31 GMT" time="224.22" errors="0">
  <testcase name="LoginTest" time="15.863" classname="Testcases.LoginPage_Test"/>
  <testcase name="AdminDetails" time="22.334" classname="Testcases.AdminPage_Test"/>
  <testcase name="AdminDetails" time="21.869" classname="Testcases.AdminPage_Test"/>
  <testcase name="JobPageDetails" time="27.994" classname="Testcases.JobPage_Test"/>
  <testcase name="workshiftDetails" time="16.923" classname="Testcases.Workshift_Test"/>
</testsuite> <!-- Test -->
