<?xml version="1.0" encoding="UTF-8"?>
<testng-results skipped="0" failed="0" ignored="0" total="1" passed="1">
  <reporter-output>
  </reporter-output>
  <suite name="Default suite" duration-ms="41334" started-at="2020-05-11T07:41:33Z" finished-at="2020-05-11T07:42:15Z">
    <groups>
    </groups>
    <test name="Default test" duration-ms="41334" started-at="2020-05-11T07:41:33Z" finished-at="2020-05-11T07:42:15Z">
      <class name="Testcases.OrganizationPgae_Test">
        <test-method status="PASS" signature="setup()[pri:0, instance:Testcases.OrganizationPgae_Test@2f686d1f]" name="setup" is-config="true" duration-ms="17586" started-at="2020-05-11T07:41:33Z" finished-at="2020-05-11T07:41:51Z">
          <reporter-output>
          </reporter-output>
        </test-method> <!-- setup -->
        <test-method status="PASS" signature="OrganizationDetails(java.lang.String, java.lang.String, java.lang.String, java.lang.String, java.lang.String, java.lang.String, java.lang.String, java.lang.String)[pri:0, instance:Testcases.OrganizationPgae_Test@2f686d1f]" name="OrganizationDetails" duration-ms="21627" started-at="2020-05-11T07:41:52Z" data-provider="readexcel" finished-at="2020-05-11T07:42:14Z">
          <params>
            <param index="0">
              <value>
                <![CDATA[Unic Sol India Pvt Ltd.]]>
              </value>
            </param>
            <param index="1">
              <value>
                <![CDATA[123561]]>
              </value>
            </param>
            <param index="2">
              <value>
                <![CDATA[A23458]]>
              </value>
            </param>
            <param index="3">
              <value>
                <![CDATA[9396252068]]>
              </value>
            </param>
            <param index="4">
              <value>
                <![CDATA[Hyderabad]]>
              </value>
            </param>
            <param index="5">
              <value>
                <![CDATA[Telengana]]>
              </value>
            </param>
            <param index="6">
              <value>
                <![CDATA[523240]]>
              </value>
            </param>
            <param index="7">
              <value>
                <![CDATA[India]]>
              </value>
            </param>
          </params>
          <reporter-output>
          </reporter-output>
        </test-method> <!-- OrganizationDetails -->
        <test-method status="PASS" signature="tearDown()[pri:0, instance:Testcases.OrganizationPgae_Test@2f686d1f]" name="tearDown" is-config="true" duration-ms="930" started-at="2020-05-11T07:42:14Z" finished-at="2020-05-11T07:42:15Z">
          <reporter-output>
          </reporter-output>
        </test-method> <!-- tearDown -->
      </class> <!-- Testcases.OrganizationPgae_Test -->
    </test> <!-- Default test -->
  </suite> <!-- Default suite -->
</testng-results>
